2025-07-27 08:03:23,603 - test_context - INFO - Test message
2025-07-27 08:03:23,605 - test_api - INFO - GET /api/v1/documents - 200 (0.123s)
2025-07-27 08:03:23,606 - test_db - INFO - DB SELECT on documents (0.045s)
2025-07-27 08:03:23,606 - test_db2 - INFO - DB SELECT on users (0.032s)
2025-07-27 08:03:23,608 - test_large - INFO - Test with large context
2025-07-27 08:04:06 - app - INFO - Redis cache connected successfully
2025-07-27 08:04:06 - app.services.ocr_service - INFO - OCR Service initialized (mock mode)
2025-07-27 08:04:06 - app.core.monitoring - INFO - 设置监控系统...
2025-07-27 08:04:06,416 - app.core.monitoring - INFO - 设置监控系统...
2025-07-27 08:04:06 - app.core.monitoring - INFO - Prometheus监控已启用
2025-07-27 08:04:06,416 - app.core.monitoring - INFO - Prometheus监控已启用
2025-07-27 08:04:07 - app.core.monitoring - INFO - 监控系统设置完成
2025-07-27 08:04:07,437 - app.core.monitoring - INFO - 监控系统设置完成
2025-07-27 08:04:07,658 - test_context - INFO - Test message
2025-07-27 08:04:07,659 - test_api - INFO - GET /api/v1/documents - 200 (0.123s)
2025-07-27 08:04:07,660 - test_db - INFO - DB SELECT on documents (0.045s)
2025-07-27 08:04:07,661 - test_db2 - INFO - DB SELECT on users (0.032s)
2025-07-27 08:04:07,662 - test_large - INFO - Test with large context
2025-07-27 08:04:33 - app - INFO - Redis cache connected successfully
2025-07-27 08:04:33 - app.services.ocr_service - INFO - OCR Service initialized (mock mode)
2025-07-27 08:04:33 - app.core.monitoring - INFO - 设置监控系统...
2025-07-27 08:04:33,195 - app.core.monitoring - INFO - 设置监控系统...
2025-07-27 08:04:33 - app.core.monitoring - INFO - Prometheus监控已启用
2025-07-27 08:04:33,195 - app.core.monitoring - INFO - Prometheus监控已启用
2025-07-27 08:04:34 - app.core.monitoring - INFO - 监控系统设置完成
2025-07-27 08:04:34,207 - app.core.monitoring - INFO - 监控系统设置完成
2025-07-27 08:05:03 - app - INFO - Redis cache connected successfully
2025-07-27 08:05:03 - app.services.ocr_service - INFO - OCR Service initialized (mock mode)
2025-07-27 08:05:03 - app.core.monitoring - INFO - 设置监控系统...
2025-07-27 08:05:03,676 - app.core.monitoring - INFO - 设置监控系统...
2025-07-27 08:05:03 - app.core.monitoring - INFO - Prometheus监控已启用
2025-07-27 08:05:03,677 - app.core.monitoring - INFO - Prometheus监控已启用
2025-07-27 08:05:04 - app.core.monitoring - INFO - 监控系统设置完成
2025-07-27 08:05:04,696 - app.core.monitoring - INFO - 监控系统设置完成
2025-07-27 08:05:04,935 - test_context - INFO - Test message
2025-07-27 08:05:04,936 - test_api - INFO - GET /api/v1/documents - 200 (0.123s)
2025-07-27 08:05:04,937 - test_db - INFO - DB SELECT on documents (0.045s)
2025-07-27 08:05:04,938 - test_db2 - INFO - DB SELECT on users (0.032s)
2025-07-27 08:05:04,939 - test_large - INFO - Test with large context
2025-07-27 08:11:31 - app - INFO - Redis cache connected successfully
2025-07-27 08:11:31 - app.services.ocr_service - INFO - OCR Service initialized (mock mode)
2025-07-27 08:11:31 - app.core.monitoring - INFO - 设置监控系统...
2025-07-27 08:11:31,519 - app.core.monitoring - INFO - 设置监控系统...
2025-07-27 08:11:31 - app.core.monitoring - INFO - Prometheus监控已启用
2025-07-27 08:11:31,519 - app.core.monitoring - INFO - Prometheus监控已启用
2025-07-27 08:11:32 - app.core.monitoring - INFO - 监控系统设置完成
2025-07-27 08:11:32,561 - app.core.monitoring - INFO - 监控系统设置完成
2025-07-27 08:11:32,675 - test_context - INFO - Test message
2025-07-27 08:11:32,676 - test_api - INFO - GET /api/v1/documents - 200 (0.123s)
2025-07-27 08:11:32,677 - test_db - INFO - DB SELECT on documents (0.045s)
2025-07-27 08:11:32,677 - test_db2 - INFO - DB SELECT on users (0.032s)
2025-07-27 08:11:32,679 - test_large - INFO - Test with large context
2025-07-27 08:27:11 - app - INFO - Redis cache connected successfully
2025-07-27 08:27:11 - app.services.ocr_service - INFO - OCR Service initialized (mock mode)
2025-07-27 08:27:11 - app.core.monitoring - INFO - 设置监控系统...
2025-07-27 08:27:11,971 - app.core.monitoring - INFO - 设置监控系统...
2025-07-27 08:27:11 - app.core.monitoring - INFO - Prometheus监控已启用
2025-07-27 08:27:11,971 - app.core.monitoring - INFO - Prometheus监控已启用
2025-07-27 08:27:12 - app.core.monitoring - INFO - 监控系统设置完成
2025-07-27 08:27:12,984 - app.core.monitoring - INFO - 监控系统设置完成
2025-07-27 08:27:13 - app.app.core.error_tracking - INFO - Cleaned 2 old error records older than 7 days
2025-07-27 08:27:13,105 - app.app.core.error_tracking - INFO - Cleaned 2 old error records older than 7 days
2025-07-27 08:27:13 - app.app.core.error_tracking - WARNING - SMTP not configured, skipping email alert
2025-07-27 08:27:13,109 - app.app.core.error_tracking - WARNING - SMTP not configured, skipping email alert
2025-07-27 08:28:37 - app - INFO - Redis cache connected successfully
2025-07-27 08:28:37 - app.services.ocr_service - INFO - OCR Service initialized (mock mode)
2025-07-27 08:28:37 - app.core.monitoring - INFO - 设置监控系统...
2025-07-27 08:28:37,808 - app.core.monitoring - INFO - 设置监控系统...
2025-07-27 08:28:37 - app.core.monitoring - INFO - Prometheus监控已启用
2025-07-27 08:28:37,808 - app.core.monitoring - INFO - Prometheus监控已启用
2025-07-27 08:28:38 - app.core.monitoring - INFO - 监控系统设置完成
2025-07-27 08:28:38,820 - app.core.monitoring - INFO - 监控系统设置完成
2025-07-27 08:29:16 - app - INFO - Redis cache connected successfully
2025-07-27 08:29:16 - app.services.ocr_service - INFO - OCR Service initialized (mock mode)
2025-07-27 08:29:16 - app.core.monitoring - INFO - 设置监控系统...
2025-07-27 08:29:16,574 - app.core.monitoring - INFO - 设置监控系统...
2025-07-27 08:29:16 - app.core.monitoring - INFO - Prometheus监控已启用
2025-07-27 08:29:16,575 - app.core.monitoring - INFO - Prometheus监控已启用
2025-07-27 08:29:17 - app.core.monitoring - INFO - 监控系统设置完成
2025-07-27 08:29:17,586 - app.core.monitoring - INFO - 监控系统设置完成
2025-07-27 08:29:52 - app - INFO - Redis cache connected successfully
2025-07-27 08:29:52 - app.services.ocr_service - INFO - OCR Service initialized (mock mode)
2025-07-27 08:29:52 - app.core.monitoring - INFO - 设置监控系统...
2025-07-27 08:29:52,305 - app.core.monitoring - INFO - 设置监控系统...
2025-07-27 08:29:52 - app.core.monitoring - INFO - Prometheus监控已启用
2025-07-27 08:29:52,306 - app.core.monitoring - INFO - Prometheus监控已启用
2025-07-27 08:29:53 - app.core.monitoring - INFO - 监控系统设置完成
2025-07-27 08:29:53,318 - app.core.monitoring - INFO - 监控系统设置完成
2025-07-27 08:29:53 - app.app.core.error_tracking - INFO - Cleaned 2 old error records older than 7 days
2025-07-27 08:29:53,430 - app.app.core.error_tracking - INFO - Cleaned 2 old error records older than 7 days
2025-07-27 08:29:53 - app.app.core.error_tracking - WARNING - SMTP not configured, skipping email alert
2025-07-27 08:29:53,434 - app.app.core.error_tracking - WARNING - SMTP not configured, skipping email alert
2025-07-27 08:30:35 - app - INFO - Redis cache connected successfully
2025-07-27 08:30:35 - app.services.ocr_service - INFO - OCR Service initialized (mock mode)
2025-07-27 08:30:35 - app.core.monitoring - INFO - 设置监控系统...
2025-07-27 08:30:35,091 - app.core.monitoring - INFO - 设置监控系统...
2025-07-27 08:30:35 - app.core.monitoring - INFO - Prometheus监控已启用
2025-07-27 08:30:35,091 - app.core.monitoring - INFO - Prometheus监控已启用
2025-07-27 08:30:36 - app.core.monitoring - INFO - 监控系统设置完成
2025-07-27 08:30:36,104 - app.core.monitoring - INFO - 监控系统设置完成
2025-07-27 08:31:52 - app - INFO - Redis cache connected successfully
2025-07-27 08:31:52 - app.services.ocr_service - INFO - OCR Service initialized (mock mode)
2025-07-27 08:31:52 - app.core.monitoring - INFO - 设置监控系统...
2025-07-27 08:31:52,839 - app.core.monitoring - INFO - 设置监控系统...
2025-07-27 08:31:52 - app.core.monitoring - INFO - Prometheus监控已启用
2025-07-27 08:31:52,839 - app.core.monitoring - INFO - Prometheus监控已启用
2025-07-27 08:31:53 - app.core.monitoring - INFO - 监控系统设置完成
2025-07-27 08:31:53,851 - app.core.monitoring - INFO - 监控系统设置完成
2025-07-27 08:32:07 - app - INFO - Redis cache connected successfully
2025-07-27 08:32:07 - app.services.ocr_service - INFO - OCR Service initialized (mock mode)
2025-07-27 08:32:07 - app.core.monitoring - INFO - 设置监控系统...
2025-07-27 08:32:07,473 - app.core.monitoring - INFO - 设置监控系统...
2025-07-27 08:32:07 - app.core.monitoring - INFO - Prometheus监控已启用
2025-07-27 08:32:07,473 - app.core.monitoring - INFO - Prometheus监控已启用
2025-07-27 08:32:08 - app.core.monitoring - INFO - 监控系统设置完成
2025-07-27 08:32:08,486 - app.core.monitoring - INFO - 监控系统设置完成
2025-07-27 08:32:08 - app.app.core.error_tracking - INFO - Cleaned 2 old error records older than 7 days
2025-07-27 08:32:08,577 - app.app.core.error_tracking - INFO - Cleaned 2 old error records older than 7 days
2025-07-27 08:32:20 - app - INFO - Redis cache connected successfully
2025-07-27 08:32:20 - app.services.ocr_service - INFO - OCR Service initialized (mock mode)
2025-07-27 08:32:20 - app.core.monitoring - INFO - 设置监控系统...
2025-07-27 08:32:20,701 - app.core.monitoring - INFO - 设置监控系统...
2025-07-27 08:32:20 - app.core.monitoring - INFO - Prometheus监控已启用
2025-07-27 08:32:20,701 - app.core.monitoring - INFO - Prometheus监控已启用
2025-07-27 08:32:21 - app.core.monitoring - INFO - 监控系统设置完成
2025-07-27 08:32:21,713 - app.core.monitoring - INFO - 监控系统设置完成
2025-07-27 08:32:21 - app.app.core.error_tracking - INFO - Cleaned 2 old error records older than 7 days
2025-07-27 08:32:21,810 - app.app.core.error_tracking - INFO - Cleaned 2 old error records older than 7 days
2025-07-27 08:32:21 - app.app.core.error_tracking - WARNING - SMTP not configured, skipping email alert
2025-07-27 08:32:21,815 - app.app.core.error_tracking - WARNING - SMTP not configured, skipping email alert
2025-07-27 08:58:03 - app.app.core.error_tracking - WARNING - ALERT TRIGGERED: 高严重程度错误报警 - TIME_TEST occurred 1 times in 3600 seconds
2025-07-27 08:58:03 - app.app.core.error_tracking - WARNING - SMTP not configured, skipping email alert
2025-07-27 08:59:01 - app.app.core.error_tracking - WARNING - ALERT TRIGGERED: 高严重程度错误报警 - TIME_TEST occurred 1 times in 3600 seconds
2025-07-27 08:59:01 - app.app.core.error_tracking - WARNING - SMTP not configured, skipping email alert
2025-07-27 08:59:11 - app - INFO - Redis cache connected successfully
2025-07-27 08:59:11 - app.services.ocr_service - INFO - OCR Service initialized (mock mode)
2025-07-27 08:59:11 - app.core.monitoring - INFO - 设置监控系统...
2025-07-27 08:59:11,815 - app.core.monitoring - INFO - 设置监控系统...
2025-07-27 08:59:11 - app.core.monitoring - INFO - Prometheus监控已启用
2025-07-27 08:59:11,815 - app.core.monitoring - INFO - Prometheus监控已启用
2025-07-27 08:59:12 - app.core.monitoring - INFO - 监控系统设置完成
2025-07-27 08:59:12,827 - app.core.monitoring - INFO - 监控系统设置完成
2025-07-27 08:59:12 - app.app.core.error_tracking - INFO - Cleaned 2 old error records older than 7 days
2025-07-27 08:59:12,929 - app.app.core.error_tracking - INFO - Cleaned 2 old error records older than 7 days
2025-07-27 08:59:12 - app.app.core.error_tracking - WARNING - SMTP not configured, skipping email alert
2025-07-27 08:59:12,932 - app.app.core.error_tracking - WARNING - SMTP not configured, skipping email alert
2025-07-27 14:05:09 - app - INFO - Redis cache connected successfully
2025-07-27 14:05:09 - app.services.ocr_service - INFO - OCR Service initialized (mock mode)
2025-07-27 14:05:34 - app - INFO - Redis cache connected successfully
2025-07-27 14:05:34 - app.services.ocr_service - INFO - OCR Service initialized (mock mode)
2025-07-27 14:06:54 - app - INFO - Redis cache connected successfully
2025-07-27 14:06:54 - app.services.ocr_service - INFO - OCR Service initialized (mock mode)
2025-07-27 14:07:52 - app - INFO - Redis cache connected successfully
2025-07-27 14:07:52 - app.services.ocr_service - INFO - OCR Service initialized (mock mode)
2025-07-27 14:09:00 - app - INFO - Redis cache connected successfully
2025-07-27 14:09:00 - app.services.ocr_service - INFO - OCR Service initialized (mock mode)
2025-07-27 14:12:41 - app - INFO - Redis cache connected successfully
2025-07-27 14:12:41 - app.services.ocr_service - INFO - OCR Service initialized (mock mode)
2025-07-27 14:16:18 - app - INFO - Redis cache connected successfully
2025-07-27 14:16:18 - app.services.ocr_service - INFO - OCR Service initialized (mock mode)
2025-07-27 14:17:30 - app - INFO - Redis cache connected successfully
2025-07-27 14:17:30 - app.services.ocr_service - INFO - OCR Service initialized (mock mode)
2025-07-27 14:20:50 - app - INFO - Redis cache connected successfully
2025-07-27 14:20:50 - app.services.ocr_service - INFO - OCR Service initialized (mock mode)
2025-07-27 14:31:47 - app - INFO - Redis cache connected successfully
2025-07-27 14:31:47 - app.services.ocr_service - INFO - OCR Service initialized (mock mode)
2025-07-27 14:31:47 - app.core.monitoring - INFO - 设置监控系统...
2025-07-27 14:31:47,250 - app.core.monitoring - INFO - 设置监控系统...
2025-07-27 14:31:47 - app.core.monitoring - INFO - Prometheus监控已启用
2025-07-27 14:31:47,250 - app.core.monitoring - INFO - Prometheus监控已启用
2025-07-27 14:31:48 - app.core.monitoring - INFO - 监控系统设置完成
2025-07-27 14:31:48,262 - app.core.monitoring - INFO - 监控系统设置完成
2025-07-27 14:31:55 - app.middleware.security - INFO - Request started: GET / from 127.0.0.1
2025-07-27 14:31:55,557 - app.middleware.security - INFO - Request started: GET / from 127.0.0.1
2025-07-27 14:31:55 - app.core.exceptions - WARNING - HTTP Exception: 404 - Index file not found
2025-07-27 14:31:55,559 - app.core.exceptions - WARNING - HTTP Exception: 404 - Index file not found
2025-07-27 14:31:55 - app.middleware.security - INFO - Request completed: GET / - Status: 404 - Time: 0.002s
2025-07-27 14:31:55,559 - app.middleware.security - INFO - Request completed: GET / - Status: 404 - Time: 0.002s
2025-07-27 14:31:55 - app.middleware.security - INFO - Request started: GET /@vite/client from 127.0.0.1
2025-07-27 14:31:55,935 - app.middleware.security - INFO - Request started: GET /@vite/client from 127.0.0.1
2025-07-27 14:31:55 - app.middleware.security - INFO - Request completed: GET /@vite/client - Status: 404 - Time: 0.001s
2025-07-27 14:31:55,937 - app.middleware.security - INFO - Request completed: GET /@vite/client - Status: 404 - Time: 0.001s
2025-07-27 14:34:19 - app - INFO - Redis cache connected successfully
2025-07-27 14:34:19 - app.services.ocr_service - INFO - OCR Service initialized (mock mode)
2025-07-27 14:34:20 - app.core.monitoring - INFO - 设置监控系统...
2025-07-27 14:34:20,161 - app.core.monitoring - INFO - 设置监控系统...
2025-07-27 14:34:20 - app.core.monitoring - INFO - Prometheus监控已启用
2025-07-27 14:34:20,161 - app.core.monitoring - INFO - Prometheus监控已启用
2025-07-27 14:34:21 - app.core.monitoring - INFO - 监控系统设置完成
2025-07-27 14:34:21,174 - app.core.monitoring - INFO - 监控系统设置完成
2025-07-27 14:36:54 - app - INFO - Redis cache connected successfully
2025-07-27 14:36:54 - app.services.ocr_service - INFO - OCR Service initialized (mock mode)
2025-07-27 14:36:54 - app.core.monitoring - INFO - 设置监控系统...
2025-07-27 14:36:54,485 - app.core.monitoring - INFO - 设置监控系统...
2025-07-27 14:36:54 - app.core.monitoring - INFO - Prometheus监控已启用
2025-07-27 14:36:54,485 - app.core.monitoring - INFO - Prometheus监控已启用
2025-07-27 14:36:55 - app.core.monitoring - INFO - 监控系统设置完成
2025-07-27 14:36:55,499 - app.core.monitoring - INFO - 监控系统设置完成
2025-07-27 14:36:56 - app - INFO - Redis cache connected successfully
2025-07-27 14:36:56 - app.services.ocr_service - INFO - OCR Service initialized (mock mode)
2025-07-27 14:36:56 - app.core.monitoring - INFO - 设置监控系统...
2025-07-27 14:36:56,880 - app.core.monitoring - INFO - 设置监控系统...
2025-07-27 14:36:56 - app.core.monitoring - INFO - Prometheus监控已启用
2025-07-27 14:36:56,881 - app.core.monitoring - INFO - Prometheus监控已启用
2025-07-27 14:36:57 - app.core.monitoring - INFO - 监控系统设置完成
2025-07-27 14:36:57,917 - app.core.monitoring - INFO - 监控系统设置完成
2025-07-27 14:39:17 - app - INFO - Redis cache connected successfully
2025-07-27 14:39:17 - app.services.ocr_service - INFO - OCR Service initialized (mock mode)
2025-07-27 14:39:17 - app.core.monitoring - INFO - 设置监控系统...
2025-07-27 14:39:17,567 - app.core.monitoring - INFO - 设置监控系统...
2025-07-27 14:39:17 - app.core.monitoring - INFO - Prometheus监控已启用
2025-07-27 14:39:17,567 - app.core.monitoring - INFO - Prometheus监控已启用
2025-07-27 14:39:18 - app.core.monitoring - INFO - 监控系统设置完成
2025-07-27 14:39:18,581 - app.core.monitoring - INFO - 监控系统设置完成
2025-07-27 14:39:19 - app - INFO - Redis cache connected successfully
2025-07-27 14:39:19 - app.services.ocr_service - INFO - OCR Service initialized (mock mode)
2025-07-27 14:39:19 - app.core.monitoring - INFO - 设置监控系统...
2025-07-27 14:39:19,914 - app.core.monitoring - INFO - 设置监控系统...
2025-07-27 14:39:19 - app.core.monitoring - INFO - Prometheus监控已启用
2025-07-27 14:39:19,916 - app.core.monitoring - INFO - Prometheus监控已启用
2025-07-27 14:39:20 - app.core.monitoring - INFO - 监控系统设置完成
2025-07-27 14:39:20,926 - app.core.monitoring - INFO - 监控系统设置完成
2025-07-27 15:57:02 - app - INFO - Redis cache connected successfully
2025-07-27 15:57:02 - app.services.ocr_service - INFO - OCR Service initialized (mock mode)
2025-07-27 15:57:02 - app.core.monitoring - INFO - 设置监控系统...
2025-07-27 15:57:02,566 - app.core.monitoring - INFO - 设置监控系统...
2025-07-27 15:57:02 - app.core.monitoring - INFO - Prometheus监控已启用
2025-07-27 15:57:02,566 - app.core.monitoring - INFO - Prometheus监控已启用
2025-07-27 15:57:03 - app.core.monitoring - INFO - 监控系统设置完成
2025-07-27 15:57:03,578 - app.core.monitoring - INFO - 监控系统设置完成
2025-07-27 15:58:53 - app - INFO - Redis cache connected successfully
2025-07-27 15:58:53 - app.services.ocr_service - INFO - OCR Service initialized (mock mode)
2025-07-27 15:58:53 - app.core.monitoring - INFO - 设置监控系统...
2025-07-27 15:58:53,490 - app.core.monitoring - INFO - 设置监控系统...
2025-07-27 15:58:53 - app.core.monitoring - INFO - Prometheus监控已启用
2025-07-27 15:58:53,490 - app.core.monitoring - INFO - Prometheus监控已启用
2025-07-27 15:59:16 - app - INFO - Redis cache connected successfully
2025-07-27 15:59:16 - app.services.ocr_service - INFO - OCR Service initialized (mock mode)
2025-07-27 15:59:16 - app.core.monitoring - INFO - 设置监控系统...
2025-07-27 15:59:16,542 - app.core.monitoring - INFO - 设置监控系统...
2025-07-27 15:59:16 - app.core.monitoring - INFO - Prometheus监控已启用
2025-07-27 15:59:16,543 - app.core.monitoring - INFO - Prometheus监控已启用
2025-07-27 15:59:17 - app.core.monitoring - INFO - 监控系统设置完成
2025-07-27 15:59:17,576 - app.core.monitoring - INFO - 监控系统设置完成
2025-07-27 16:00:33 - app - INFO - Redis cache connected successfully
2025-07-27 16:00:33 - app.services.ocr_service - INFO - OCR Service initialized (mock mode)
2025-07-27 16:00:33 - app.core.monitoring - INFO - 设置监控系统...
2025-07-27 16:00:33,584 - app.core.monitoring - INFO - 设置监控系统...
2025-07-27 16:00:33 - app.core.monitoring - INFO - Prometheus监控已启用
2025-07-27 16:00:33,584 - app.core.monitoring - INFO - Prometheus监控已启用
2025-07-27 16:00:34 - app.core.monitoring - INFO - 监控系统设置完成
2025-07-27 16:00:34,595 - app.core.monitoring - INFO - 监控系统设置完成
2025-07-28 08:43:29 - app - INFO - Redis cache connected successfully
2025-07-28 08:43:29 - app.services.ocr_service - INFO - OCR Service initialized (mock mode)
2025-07-28 08:43:29 - app.core.monitoring - INFO - 设置监控系统...
2025-07-28 08:43:29,677 - app.core.monitoring - INFO - 设置监控系统...
2025-07-28 08:43:29 - app.core.monitoring - INFO - Prometheus监控已启用
2025-07-28 08:43:29,677 - app.core.monitoring - INFO - Prometheus监控已启用
2025-07-28 08:43:30 - app.core.monitoring - INFO - 监控系统设置完成
2025-07-28 08:43:30,682 - app.core.monitoring - INFO - 监控系统设置完成
2025-07-28 09:03:02 - app - INFO - Redis cache connected successfully
2025-07-28 09:03:02 - app.services.ocr_service - INFO - OCR Service initialized (mock mode)
2025-07-28 09:03:02 - app.core.monitoring - INFO - 设置监控系统...
2025-07-28 09:03:02,581 - app.core.monitoring - INFO - 设置监控系统...
2025-07-28 09:03:02 - app.core.monitoring - INFO - Prometheus监控已启用
2025-07-28 09:03:02,582 - app.core.monitoring - INFO - Prometheus监控已启用
2025-07-28 09:03:03 - app.core.monitoring - INFO - 监控系统设置完成
2025-07-28 09:03:03,587 - app.core.monitoring - INFO - 监控系统设置完成
2025-07-28 09:03:09 - app - INFO - Redis cache connected successfully
2025-07-28 09:03:09 - app.services.ocr_service - INFO - OCR Service initialized (mock mode)
2025-07-28 09:03:09 - app.core.monitoring - INFO - 设置监控系统...
2025-07-28 09:03:09,866 - app.core.monitoring - INFO - 设置监控系统...
2025-07-28 09:03:09 - app.core.monitoring - INFO - Prometheus监控已启用
2025-07-28 09:03:09,866 - app.core.monitoring - INFO - Prometheus监控已启用
2025-07-28 09:03:10 - app.core.monitoring - INFO - 监控系统设置完成
2025-07-28 09:03:10,872 - app.core.monitoring - INFO - 监控系统设置完成
2025-07-28 09:04:07 - app - INFO - Redis cache connected successfully
2025-07-28 09:04:07 - app.services.ocr_service - INFO - OCR Service initialized (mock mode)
2025-07-28 09:04:07 - app.core.monitoring - INFO - 设置监控系统...
2025-07-28 09:04:07,595 - app.core.monitoring - INFO - 设置监控系统...
2025-07-28 09:04:07 - app.core.monitoring - INFO - Prometheus监控已启用
2025-07-28 09:04:07,595 - app.core.monitoring - INFO - Prometheus监控已启用
2025-07-28 09:04:08 - app.core.monitoring - INFO - 监控系统设置完成
2025-07-28 09:04:08,602 - app.core.monitoring - INFO - 监控系统设置完成
2025-07-28 09:04:45 - app - INFO - Redis cache connected successfully
2025-07-28 09:04:45 - app.services.ocr_service - INFO - OCR Service initialized (mock mode)
2025-07-28 09:04:45 - app.core.monitoring - INFO - 设置监控系统...
2025-07-28 09:04:45,766 - app.core.monitoring - INFO - 设置监控系统...
2025-07-28 09:04:45 - app.core.monitoring - INFO - Prometheus监控已启用
2025-07-28 09:04:45,767 - app.core.monitoring - INFO - Prometheus监控已启用
2025-07-28 09:04:46 - app.core.monitoring - INFO - 监控系统设置完成
2025-07-28 09:04:46,773 - app.core.monitoring - INFO - 监控系统设置完成
2025-07-28 09:05:39 - app - INFO - Redis cache connected successfully
2025-07-28 09:05:39 - app.services.ocr_service - INFO - OCR Service initialized (mock mode)
2025-07-28 09:05:39 - app.core.monitoring - INFO - 设置监控系统...
2025-07-28 09:05:39,324 - app.core.monitoring - INFO - 设置监控系统...
2025-07-28 09:05:39 - app.core.monitoring - INFO - Prometheus监控已启用
2025-07-28 09:05:39,325 - app.core.monitoring - INFO - Prometheus监控已启用
2025-07-28 09:05:40 - app.core.monitoring - INFO - 监控系统设置完成
2025-07-28 09:05:40,331 - app.core.monitoring - INFO - 监控系统设置完成
2025-07-28 09:05:51 - app - INFO - Redis cache connected successfully
2025-07-28 09:05:51 - app.services.ocr_service - INFO - OCR Service initialized (mock mode)
2025-07-28 09:05:51 - app.core.monitoring - INFO - 设置监控系统...
2025-07-28 09:05:51,643 - app.core.monitoring - INFO - 设置监控系统...
2025-07-28 09:05:51 - app.core.monitoring - INFO - Prometheus监控已启用
2025-07-28 09:05:51,643 - app.core.monitoring - INFO - Prometheus监控已启用
2025-07-28 09:05:52 - app.core.monitoring - INFO - 监控系统设置完成
2025-07-28 09:05:52,648 - app.core.monitoring - INFO - 监控系统设置完成
2025-07-28 09:06:37 - app - INFO - Redis cache connected successfully
2025-07-28 09:06:37 - app.services.ocr_service - INFO - OCR Service initialized (mock mode)
2025-07-28 09:06:37 - app.core.monitoring - INFO - 设置监控系统...
2025-07-28 09:06:37,256 - app.core.monitoring - INFO - 设置监控系统...
2025-07-28 09:06:37 - app.core.monitoring - INFO - Prometheus监控已启用
2025-07-28 09:06:37,256 - app.core.monitoring - INFO - Prometheus监控已启用
2025-07-28 09:06:38 - app.core.monitoring - INFO - 监控系统设置完成
2025-07-28 09:06:38,262 - app.core.monitoring - INFO - 监控系统设置完成
2025-07-28 09:07:49 - app - INFO - Redis cache connected successfully
2025-07-28 09:07:49 - app.services.ocr_service - INFO - OCR Service initialized (mock mode)
2025-07-28 09:07:49 - app.core.monitoring - INFO - 设置监控系统...
2025-07-28 09:07:49,865 - app.core.monitoring - INFO - 设置监控系统...
2025-07-28 09:07:49 - app.core.monitoring - INFO - Prometheus监控已启用
2025-07-28 09:07:49,865 - app.core.monitoring - INFO - Prometheus监控已启用
2025-07-28 09:07:50 - app.core.monitoring - INFO - 监控系统设置完成
2025-07-28 09:07:50,871 - app.core.monitoring - INFO - 监控系统设置完成
